<?xml version="1.0" encoding="UTF-8"?>
<testng-results ignored="0" total="1" passed="1" failed="0" skipped="0">
  <reporter-output>
  </reporter-output>
  <suite started-at="2024-10-07T14:29:37 IST" name="Default suite" finished-at="2024-10-07T14:29:45 IST" duration-ms="7832">
    <groups>
    </groups>
    <test started-at="2024-10-07T14:29:37 IST" name="Default test" finished-at="2024-10-07T14:29:45 IST" duration-ms="7832">
      <class name="log4jframework.DemoLog4j">
        <test-method is-config="true" signature="beforeTest()[pri:0, instance:log4jframework.DemoLog4j@6221a451]" started-at="2024-10-07T14:29:37 IST" name="beforeTest" finished-at="2024-10-07T14:29:43 IST" duration-ms="6299" status="PASS">
          <reporter-output>
          </reporter-output>
        </test-method> <!-- beforeTest -->
        <test-method signature="f()[pri:0, instance:log4jframework.DemoLog4j@6221a451]" started-at="2024-10-07T14:29:43 IST" name="f" finished-at="2024-10-07T14:29:44 IST" duration-ms="1178" status="PASS">
          <reporter-output>
          </reporter-output>
        </test-method> <!-- f -->
        <test-method is-config="true" signature="afterTest()[pri:0, instance:log4jframework.DemoLog4j@6221a451]" started-at="2024-10-07T14:29:44 IST" name="afterTest" finished-at="2024-10-07T14:29:45 IST" duration-ms="332" status="PASS">
          <reporter-output>
          </reporter-output>
        </test-method> <!-- afterTest -->
      </class> <!-- log4jframework.DemoLog4j -->
    </test> <!-- Default test -->
  </suite> <!-- Default suite -->
</testng-results>
